
## ---------------------- ##
## Running config.status. ##
## ---------------------- ##

This file was extended by GRUB config.status 2.12, which was
generated by GNU Autoconf 2.71.  Invocation command line was

  CONFIG_FILES    = 
  CONFIG_HEADERS  = 
  CONFIG_LINKS    = 
  CONFIG_COMMANDS = 
  $ ../config.status --file=gensyminfo.sh:-

on cas-VirtualBox

config.status:2531: creating gensyminfo.sh

## ---------------------- ##
## Running config.status. ##
## ---------------------- ##

This file was extended by GRUB config.status 2.12, which was
generated by GNU Autoconf 2.71.  Invocation command line was

  CONFIG_FILES    = 
  CONFIG_HEADERS  = 
  CONFIG_LINKS    = 
  CONFIG_COMMANDS = 
  $ ../config.status --file=genmod.sh:-

on cas-VirtualBox


## ---------------------- ##
## Running config.status. ##
## ---------------------- ##

This file was extended by GRUB config.status 2.12, which was
generated by GNU Autoconf 2.71.  Invocation command line was

  CONFIG_FILES    = 
  CONFIG_HEADERS  = 
  CONFIG_LINKS    = 
  CONFIG_COMMANDS = 
  $ ../config.status --file=modinfo.sh:-

on cas-VirtualBox

config.status:2531: creating genmod.sh
config.status:2531: creating modinfo.sh

## ---------------------- ##
## Running config.status. ##
## ---------------------- ##

This file was extended by GRUB config.status 2.12, which was
generated by GNU Autoconf 2.71.  Invocation command line was

  CONFIG_FILES    = 
  CONFIG_HEADERS  = 
  CONFIG_LINKS    = 
  CONFIG_COMMANDS = 
  $ ../config.status --file=gdb_helper.py:-

on cas-VirtualBox


## ---------------------- ##
## Running config.status. ##
## ---------------------- ##

This file was extended by GRUB config.status 2.12, which was
generated by GNU Autoconf 2.71.  Invocation command line was

  CONFIG_FILES    = 
  CONFIG_HEADERS  = 
  CONFIG_LINKS    = 
  CONFIG_COMMANDS = 
  $ ../config.status --file=gdb_grub:-

on cas-VirtualBox

config.status:2531: creating gdb_helper.py
config.status:2531: creating gdb_grub
